2020.12.05 21:19:50 INFO  Started: Metals version 0.9.7 in workspace '/home/venierga/adventOfCode' for client vscode.
2020.12.05 21:19:51 INFO  time: initialize in 1.31s
2020.12.05 21:19:52 WARN  Build server is not auto-connectable.
2020.12.05 21:19:52 WARN  no build tool detected in workspace '/home/venierga/adventOfCode'. The most common cause for this problem is that the editor was opened in the wrong working directory, for example if you use sbt then the workspace directory should contain build.sbt. 
2020.12.05 21:25:51 WARN  no build target for: /home/venierga/adventOfCode/day4/passport.scala
2020.12.05 21:25:53 INFO  no build target: using presentation compiler with only scala-library
Dec 05, 2020 9:25:53 PM org.eclipse.lsp4j.jsonrpc.RemoteEndpoint fallbackResponseError
SEVERE: Internal error: java.util.NoSuchElementException: BatchedFunction
java.util.concurrent.CompletionException: java.util.NoSuchElementException: BatchedFunction
	at java.base/java.util.concurrent.CompletableFuture.encodeThrowable(CompletableFuture.java:331)
	at java.base/java.util.concurrent.CompletableFuture.completeThrowable(CompletableFuture.java:346)
	at java.base/java.util.concurrent.CompletableFuture$UniAccept.tryFire(CompletableFuture.java:704)
	at java.base/java.util.concurrent.CompletableFuture.postComplete(CompletableFuture.java:506)
	at java.base/java.util.concurrent.CompletableFuture.completeExceptionally(CompletableFuture.java:2088)
	at scala.meta.internal.metals.CancelTokens$.$anonfun$future$1(CancelTokens.scala:40)
	at scala.meta.internal.metals.CancelTokens$.$anonfun$future$1$adapted(CancelTokens.scala:38)
	at scala.concurrent.impl.CallbackRunnable.run(Promise.scala:64)
	at java.base/java.util.concurrent.ThreadPoolExecutor.runWorker(ThreadPoolExecutor.java:1128)
	at java.base/java.util.concurrent.ThreadPoolExecutor$Worker.run(ThreadPoolExecutor.java:628)
	at java.base/java.lang.Thread.run(Thread.java:834)
Caused by: java.util.NoSuchElementException: BatchedFunction
	at scala.meta.internal.metals.BatchedFunction.<init>(BatchedFunction.scala:59)
	at scala.meta.internal.metals.MetalsLanguageServer.<init>(MetalsLanguageServer.scala:175)
	at scala.meta.metals.Main$.main(Main.scala:38)
	at scala.meta.metals.Main.main(Main.scala)

Dec 05, 2020 9:29:34 PM org.eclipse.lsp4j.jsonrpc.services.GenericEndpoint notify
INFO: Unsupported notification method: $/setTraceNotification
something's wrong: no file:///home/venierga/adventOfCode/day4/passport.scala in Array[<error>]RangePosition(file:///home/venierga/adventOfCode/day4/passport.scala, 43, 43, 58)
something's wrong: no file:///home/venierga/adventOfCode/day4/passport.scala in Array[<error>]RangePosition(file:///home/venierga/adventOfCode/day4/passport.scala, 43, 43, 51)
something's wrong: no file:///home/venierga/adventOfCode/day4/passport.scala in Array[<error>]RangePosition(file:///home/venierga/adventOfCode/day4/passport.scala, 43, 43, 56)
something's wrong: no file:///home/venierga/adventOfCode/day4/passport.scala in Array[<error>]RangePosition(file:///home/venierga/adventOfCode/day4/passport.scala, 43, 43, 57)
something's wrong: no file:///home/venierga/adventOfCode/day4/passport.scala in Array[<error>]RangePosition(file:///home/venierga/adventOfCode/day4/passport.scala, 43, 43, 56)
something's wrong: no file:///home/venierga/adventOfCode/day4/passport.scala in Array[<error>]RangePosition(file:///home/venierga/adventOfCode/day4/passport.scala, 43, 43, 55)
something's wrong: no file:///home/venierga/adventOfCode/day4/passport.scala in Array[<error>]RangePosition(file:///home/venierga/adventOfCode/day4/passport.scala, 43, 43, 53)
something's wrong: no file:///home/venierga/adventOfCode/day4/passport.scala in Array[<error>]RangePosition(file:///home/venierga/adventOfCode/day4/passport.scala, 43, 43, 51)
something's wrong: no file:///home/venierga/adventOfCode/day4/passport.scala in Array[<error>]RangePosition(file:///home/venierga/adventOfCode/day4/passport.scala, 43, 43, 58)
something's wrong: no file:///home/venierga/adventOfCode/day4/passport.scala in Array[<error>]RangePosition(file:///home/venierga/adventOfCode/day4/passport.scala, 43, 43, 51)
something's wrong: no file:///home/venierga/adventOfCode/day4/passport.scala in Array[String]RangePosition(file:///home/venierga/adventOfCode/day4/passport.scala, 43, 43, 56)
something's wrong: no file:///home/venierga/adventOfCode/day4/passport.scala in Array[String]RangePosition(file:///home/venierga/adventOfCode/day4/passport.scala, 43, 43, 56)
something's wrong: no file:///home/venierga/adventOfCode/day4/passport.scala in Array[String]RangePosition(file:///home/venierga/adventOfCode/day4/passport.scala, 43, 43, 56)
2020.12.05 21:32:10 WARN  no build target for: /home/venierga/adventOfCode/day4/passport.scala
something's wrong: no file:///home/venierga/adventOfCode/day4/passport.scala in Array[String]RangePosition(file:///home/venierga/adventOfCode/day4/passport.scala, 43, 43, 56)
2020.12.05 21:36:45 WARN  no build target for: /home/venierga/adventOfCode/day4/passport.scala
2020.12.05 21:36:51 WARN  no build target for: /home/venierga/adventOfCode/day4/passport.scala
2020.12.05 23:41:48 INFO  Started: Metals version 0.9.7 in workspace '/home/venierga/adventOfCode' for client vscode.
2020.12.05 23:41:50 INFO  time: initialize in 1.43s
2020.12.05 23:41:53 WARN  Build server is not auto-connectable.
2020.12.05 23:41:53 WARN  no build tool detected in workspace '/home/venierga/adventOfCode'. The most common cause for this problem is that the editor was opened in the wrong working directory, for example if you use sbt then the workspace directory should contain build.sbt. 
2020.12.05 23:41:53 WARN  no build target for: /home/venierga/adventOfCode/day4/passport.scala
2020.12.05 23:41:55 INFO  no build target: using presentation compiler with only scala-library
Dec 05, 2020 11:42:25 PM org.eclipse.lsp4j.jsonrpc.services.GenericEndpoint notify
INFO: Unsupported notification method: $/setTraceNotification
Dec 05, 2020 11:42:33 PM org.eclipse.lsp4j.jsonrpc.services.GenericEndpoint notify
INFO: Unsupported notification method: $/setTraceNotification
2020.12.06 00:03:53 WARN  no build target for: /home/venierga/adventOfCode/day4/passport.scala
2020.12.06 00:11:43 WARN  no build target for: /home/venierga/adventOfCode/day4/passport.scala
2020.12.06 00:12:22 WARN  no build target for: /home/venierga/adventOfCode/day4/passport.scala
2020.12.06 00:13:03 WARN  no build target for: /home/venierga/adventOfCode/day4/passport.scala
Dec 06, 2020 12:14:13 AM scala.meta.internal.pc.completions.Completions completionPosition
SEVERE: null
java.lang.NullPointerException
	at scala.meta.internal.pc.completions.OverrideCompletions$OverrideCompletion.<init>(OverrideCompletions.scala:46)
	at scala.meta.internal.pc.completions.Completions.completionPositionUnsafe(Completions.scala:500)
	at scala.meta.internal.pc.completions.Completions.completionPositionUnsafe$(Completions.scala:409)
	at scala.meta.internal.pc.MetalsGlobal.completionPositionUnsafe(MetalsGlobal.scala:29)
	at scala.meta.internal.pc.completions.Completions.completionPosition(Completions.scala:401)
	at scala.meta.internal.pc.completions.Completions.completionPosition$(Completions.scala:386)
	at scala.meta.internal.pc.MetalsGlobal.completionPosition(MetalsGlobal.scala:29)
	at scala.meta.internal.pc.CompletionProvider.safeCompletionsAt(CompletionProvider.scala:446)
	at scala.meta.internal.pc.CompletionProvider.completions(CompletionProvider.scala:57)
	at scala.meta.internal.pc.ScalaPresentationCompiler.$anonfun$complete$1(ScalaPresentationCompiler.scala:184)
	at scala.meta.internal.pc.CompilerAccess.withSharedCompiler(CompilerAccess.scala:137)
	at scala.meta.internal.pc.CompilerAccess.$anonfun$withInterruptableCompiler$1(CompilerAccess.scala:87)
	at scala.meta.internal.pc.CompilerAccess.$anonfun$onCompilerJobQueue$1(CompilerAccess.scala:197)
	at scala.meta.internal.pc.CompilerJobQueue$Job.run(CompilerJobQueue.scala:103)
	at java.base/java.util.concurrent.ThreadPoolExecutor.runWorker(ThreadPoolExecutor.java:1128)
	at java.base/java.util.concurrent.ThreadPoolExecutor$Worker.run(ThreadPoolExecutor.java:628)
	at java.base/java.lang.Thread.run(Thread.java:834)

Dec 06, 2020 12:14:14 AM scala.meta.internal.pc.completions.Completions completionPosition
SEVERE: null
java.lang.NullPointerException
	at scala.meta.internal.pc.completions.OverrideCompletions$OverrideCompletion.<init>(OverrideCompletions.scala:46)
	at scala.meta.internal.pc.completions.Completions.completionPositionUnsafe(Completions.scala:500)
	at scala.meta.internal.pc.completions.Completions.completionPositionUnsafe$(Completions.scala:409)
	at scala.meta.internal.pc.MetalsGlobal.completionPositionUnsafe(MetalsGlobal.scala:29)
	at scala.meta.internal.pc.completions.Completions.completionPosition(Completions.scala:401)
	at scala.meta.internal.pc.completions.Completions.completionPosition$(Completions.scala:386)
	at scala.meta.internal.pc.MetalsGlobal.completionPosition(MetalsGlobal.scala:29)
	at scala.meta.internal.pc.CompletionProvider.safeCompletionsAt(CompletionProvider.scala:446)
	at scala.meta.internal.pc.CompletionProvider.completions(CompletionProvider.scala:57)
	at scala.meta.internal.pc.ScalaPresentationCompiler.$anonfun$complete$1(ScalaPresentationCompiler.scala:184)
	at scala.meta.internal.pc.CompilerAccess.withSharedCompiler(CompilerAccess.scala:137)
	at scala.meta.internal.pc.CompilerAccess.$anonfun$withInterruptableCompiler$1(CompilerAccess.scala:87)
	at scala.meta.internal.pc.CompilerAccess.$anonfun$onCompilerJobQueue$1(CompilerAccess.scala:197)
	at scala.meta.internal.pc.CompilerJobQueue$Job.run(CompilerJobQueue.scala:103)
	at java.base/java.util.concurrent.ThreadPoolExecutor.runWorker(ThreadPoolExecutor.java:1128)
	at java.base/java.util.concurrent.ThreadPoolExecutor$Worker.run(ThreadPoolExecutor.java:628)
	at java.base/java.lang.Thread.run(Thread.java:834)

Dec 06, 2020 12:14:14 AM scala.meta.internal.pc.completions.Completions completionPosition
SEVERE: null
java.lang.NullPointerException
	at scala.meta.internal.pc.completions.OverrideCompletions$OverrideCompletion.<init>(OverrideCompletions.scala:46)
	at scala.meta.internal.pc.completions.Completions.completionPositionUnsafe(Completions.scala:500)
	at scala.meta.internal.pc.completions.Completions.completionPositionUnsafe$(Completions.scala:409)
	at scala.meta.internal.pc.MetalsGlobal.completionPositionUnsafe(MetalsGlobal.scala:29)
	at scala.meta.internal.pc.completions.Completions.completionPosition(Completions.scala:401)
	at scala.meta.internal.pc.completions.Completions.completionPosition$(Completions.scala:386)
	at scala.meta.internal.pc.MetalsGlobal.completionPosition(MetalsGlobal.scala:29)
	at scala.meta.internal.pc.CompletionProvider.safeCompletionsAt(CompletionProvider.scala:446)
	at scala.meta.internal.pc.CompletionProvider.completions(CompletionProvider.scala:57)
	at scala.meta.internal.pc.ScalaPresentationCompiler.$anonfun$complete$1(ScalaPresentationCompiler.scala:184)
	at scala.meta.internal.pc.CompilerAccess.withSharedCompiler(CompilerAccess.scala:137)
	at scala.meta.internal.pc.CompilerAccess.$anonfun$withInterruptableCompiler$1(CompilerAccess.scala:87)
	at scala.meta.internal.pc.CompilerAccess.$anonfun$onCompilerJobQueue$1(CompilerAccess.scala:197)
	at scala.meta.internal.pc.CompilerJobQueue$Job.run(CompilerJobQueue.scala:103)
	at java.base/java.util.concurrent.ThreadPoolExecutor.runWorker(ThreadPoolExecutor.java:1128)
	at java.base/java.util.concurrent.ThreadPoolExecutor$Worker.run(ThreadPoolExecutor.java:628)
	at java.base/java.lang.Thread.run(Thread.java:834)

Dec 06, 2020 12:14:14 AM scala.meta.internal.pc.completions.Completions completionPosition
SEVERE: null
java.lang.NullPointerException
	at scala.meta.internal.pc.completions.OverrideCompletions$OverrideCompletion.<init>(OverrideCompletions.scala:46)
	at scala.meta.internal.pc.completions.Completions.completionPositionUnsafe(Completions.scala:500)
	at scala.meta.internal.pc.completions.Completions.completionPositionUnsafe$(Completions.scala:409)
	at scala.meta.internal.pc.MetalsGlobal.completionPositionUnsafe(MetalsGlobal.scala:29)
	at scala.meta.internal.pc.completions.Completions.completionPosition(Completions.scala:401)
	at scala.meta.internal.pc.completions.Completions.completionPosition$(Completions.scala:386)
	at scala.meta.internal.pc.MetalsGlobal.completionPosition(MetalsGlobal.scala:29)
	at scala.meta.internal.pc.CompletionProvider.safeCompletionsAt(CompletionProvider.scala:446)
	at scala.meta.internal.pc.CompletionProvider.completions(CompletionProvider.scala:57)
	at scala.meta.internal.pc.ScalaPresentationCompiler.$anonfun$complete$1(ScalaPresentationCompiler.scala:184)
	at scala.meta.internal.pc.CompilerAccess.withSharedCompiler(CompilerAccess.scala:137)
	at scala.meta.internal.pc.CompilerAccess.$anonfun$withInterruptableCompiler$1(CompilerAccess.scala:87)
	at scala.meta.internal.pc.CompilerAccess.$anonfun$onCompilerJobQueue$1(CompilerAccess.scala:197)
	at scala.meta.internal.pc.CompilerJobQueue$Job.run(CompilerJobQueue.scala:103)
	at java.base/java.util.concurrent.ThreadPoolExecutor.runWorker(ThreadPoolExecutor.java:1128)
	at java.base/java.util.concurrent.ThreadPoolExecutor$Worker.run(ThreadPoolExecutor.java:628)
	at java.base/java.lang.Thread.run(Thread.java:834)

2020.12.06 00:14:16 WARN  no build target for: /home/venierga/adventOfCode/day4/passport.scala
2020.12.07 19:05:17 WARN  no build target for: /home/venierga/adventOfCode/day4/passport.scala
Dec 07, 2020 7:58:43 PM org.eclipse.lsp4j.jsonrpc.RemoteEndpoint handleCancellation
WARNING: Unmatched cancel notification for request id 746
2020.12.07 20:12:30 WARN  no build target for: /home/venierga/adventOfCode/day4/passport.scala
2020.12.07 20:12:53 WARN  no build target for: /home/venierga/adventOfCode/day4/passport.scala
Dec 07, 2020 8:15:42 PM org.eclipse.lsp4j.jsonrpc.RemoteEndpoint handleCancellation
WARNING: Unmatched cancel notification for request id 1659
2020.12.07 20:15:51 WARN  no build target for: /home/venierga/adventOfCode/day4/passport.scala
2020.12.07 20:18:14 WARN  no build target for: /home/venierga/adventOfCode/day4/passport.scala
2020.12.07 20:18:27 WARN  no build target for: /home/venierga/adventOfCode/day4/passport.scala
2020.12.07 20:19:10 WARN  no build target for: /home/venierga/adventOfCode/day4/passport.scala
2020.12.07 20:19:14 WARN  no build target for: /home/venierga/adventOfCode/day4/passport.scala
2020.12.07 20:19:42 WARN  no build target for: /home/venierga/adventOfCode/day4/passport.scala
2020.12.07 20:24:02 WARN  no build tool detected in workspace '/home/venierga/adventOfCode'. The most common cause for this problem is that the editor was opened in the wrong working directory, for example if you use sbt then the workspace directory should contain build.sbt. 
2020.12.07 20:24:06 WARN  no build target for: /home/venierga/adventOfCode/day4/passport.scala
2020.12.07 20:32:47 WARN  no build target for: /home/venierga/adventOfCode/day4/passport.scala
2020.12.07 20:33:05 WARN  no build target for: /home/venierga/adventOfCode/day4/passport.scala
2020.12.07 20:33:20 WARN  no build target for: /home/venierga/adventOfCode/day4/passport.scala
Dec 08, 2020 9:56:46 PM org.eclipse.lsp4j.jsonrpc.services.GenericEndpoint notify
INFO: Unsupported notification method: $/setTraceNotification
Dec 08, 2020 10:14:47 PM org.eclipse.lsp4j.jsonrpc.RemoteEndpoint handleCancellation
WARNING: Unmatched cancel notification for request id 5732
2020.12.08 22:16:21 WARN  no build target for: /home/venierga/adventOfCode/day4/passport.scala
2020.12.08 22:17:36 WARN  no build target for: /home/venierga/adventOfCode/day4/passport.scala
2020.12.08 22:18:16 WARN  no build target for: /home/venierga/adventOfCode/day4/passport.scala
2020.12.08 22:36:26 WARN  no build target for: /home/venierga/adventOfCode/day4/passport.scala
2020.12.08 22:37:36 WARN  no build target for: /home/venierga/adventOfCode/day4/passport.scala
2020.12.08 22:38:05 WARN  no build target for: /home/venierga/adventOfCode/day4/passport.scala
2020.12.09 22:10:26 WARN  no build target for: /home/venierga/adventOfCode/day4/passport.scala
2020.12.09 22:11:33 WARN  no build target for: /home/venierga/adventOfCode/day4/passport.scala
2020.12.09 22:12:24 WARN  no build target for: /home/venierga/adventOfCode/day4/passport.scala
2020.12.09 22:13:08 WARN  no build target for: /home/venierga/adventOfCode/day4/passport.scala
2020.12.09 22:13:42 WARN  no build tool detected in workspace '/home/venierga/adventOfCode'. The most common cause for this problem is that the editor was opened in the wrong working directory, for example if you use sbt then the workspace directory should contain build.sbt. 
2020.12.09 22:13:42 WARN  no build target for: /home/venierga/adventOfCode/day4/passport.scala
2020.12.09 22:13:44 WARN  no build tool detected in workspace '/home/venierga/adventOfCode'. The most common cause for this problem is that the editor was opened in the wrong working directory, for example if you use sbt then the workspace directory should contain build.sbt. 
2020.12.09 22:13:48 WARN  no build target for: /home/venierga/adventOfCode/day4/passport.scala
2020.12.09 22:47:06 WARN  no build target for: /home/venierga/adventOfCode/day4/passport.scala
2020.12.09 22:47:13 WARN  no build target for: /home/venierga/adventOfCode/day4/passport.scala
Dec 10, 2020 12:11:24 AM org.eclipse.lsp4j.jsonrpc.RemoteEndpoint handleCancellation
WARNING: Unmatched cancel notification for request id 7405
2020.12.10 00:12:14 WARN  no build target for: /home/venierga/adventOfCode/day4/passport.scala
2020.12.10 00:12:57 WARN  no build target for: /home/venierga/adventOfCode/day4/passport.scala
2020.12.10 00:13:15 WARN  no build tool detected in workspace '/home/venierga/adventOfCode'. The most common cause for this problem is that the editor was opened in the wrong working directory, for example if you use sbt then the workspace directory should contain build.sbt. 
2020.12.10 00:13:28 WARN  no build target for: /home/venierga/adventOfCode/day4/passport.scala
2020.12.10 00:13:44 WARN  no build target for: /home/venierga/adventOfCode/day4/passport.scala
2020.12.10 00:14:04 WARN  no build tool detected in workspace '/home/venierga/adventOfCode'. The most common cause for this problem is that the editor was opened in the wrong working directory, for example if you use sbt then the workspace directory should contain build.sbt. 
2020.12.10 00:14:04 WARN  no build target for: /home/venierga/adventOfCode/day4/passport.scala
2020.12.10 00:18:08 WARN  no build target for: /home/venierga/adventOfCode/day4/passport.scala
2020.12.10 00:18:36 WARN  no build target for: /home/venierga/adventOfCode/day4/passport.scala
2020.12.10 00:23:59 WARN  no build target for: /home/venierga/adventOfCode/day4/passport.scala
2020.12.10 00:26:24 WARN  no build target for: /home/venierga/adventOfCode/day4/passport.scala
2020.12.10 00:26:54 WARN  no build target for: /home/venierga/adventOfCode/day4/passport.scala
2020.12.10 00:27:29 WARN  no build target for: /home/venierga/adventOfCode/day4/passport.scala
2020.12.10 00:34:07 WARN  no build target for: /home/venierga/adventOfCode/day4/passport.scala
2020.12.10 00:34:19 WARN  no build tool detected in workspace '/home/venierga/adventOfCode'. The most common cause for this problem is that the editor was opened in the wrong working directory, for example if you use sbt then the workspace directory should contain build.sbt. 
2020.12.10 00:34:19 WARN  no build target for: /home/venierga/adventOfCode/day4/passport.scala
2020.12.10 00:34:51 WARN  no build tool detected in workspace '/home/venierga/adventOfCode'. The most common cause for this problem is that the editor was opened in the wrong working directory, for example if you use sbt then the workspace directory should contain build.sbt. 
2020.12.10 00:34:52 WARN  no build target for: /home/venierga/adventOfCode/day4/passport.scala
2020.12.10 00:35:32 WARN  no build target for: /home/venierga/adventOfCode/day4/passport.scala
2020.12.10 00:36:06 WARN  no build target for: /home/venierga/adventOfCode/day4/passport.scala
2020.12.10 00:36:41 WARN  no build tool detected in workspace '/home/venierga/adventOfCode'. The most common cause for this problem is that the editor was opened in the wrong working directory, for example if you use sbt then the workspace directory should contain build.sbt. 
2020.12.10 00:37:00 WARN  no build target for: /home/venierga/adventOfCode/day4/passport.scala
2020.12.10 00:37:29 WARN  no build target for: /home/venierga/adventOfCode/day4/passport.scala
2020.12.10 00:38:01 WARN  no build target for: /home/venierga/adventOfCode/day4/passport.scala
Dec 10, 2020 12:38:15 AM scala.meta.internal.pc.CompletionProvider expected$1
WARNING: offset 713, count -1, length 1256
2020.12.10 00:38:30 WARN  no build target for: /home/venierga/adventOfCode/day4/passport.scala
2020.12.10 00:38:47 WARN  no build target for: /home/venierga/adventOfCode/day4/passport.scala
2020.12.10 00:39:51 WARN  no build target for: /home/venierga/adventOfCode/day4/passport.scala
2020.12.10 00:40:02 WARN  no build target for: /home/venierga/adventOfCode/day4/passport.scala
2020.12.10 00:40:21 WARN  no build tool detected in workspace '/home/venierga/adventOfCode'. The most common cause for this problem is that the editor was opened in the wrong working directory, for example if you use sbt then the workspace directory should contain build.sbt. 
2020.12.10 00:40:21 WARN  no build target for: /home/venierga/adventOfCode/day4/passport.scala
2020.12.10 00:40:42 WARN  no build tool detected in workspace '/home/venierga/adventOfCode'. The most common cause for this problem is that the editor was opened in the wrong working directory, for example if you use sbt then the workspace directory should contain build.sbt. 
2020.12.10 00:41:11 WARN  no build target for: /home/venierga/adventOfCode/day4/passport.scala
2020.12.10 00:41:32 WARN  no build tool detected in workspace '/home/venierga/adventOfCode'. The most common cause for this problem is that the editor was opened in the wrong working directory, for example if you use sbt then the workspace directory should contain build.sbt. 
2020.12.10 00:41:47 WARN  no build target for: /home/venierga/adventOfCode/day4/passport.scala
2020.12.10 00:42:21 WARN  no build target for: /home/venierga/adventOfCode/day4/passport.scala
2020.12.10 00:42:36 WARN  no build target for: /home/venierga/adventOfCode/day4/passport.scala
2020.12.10 00:42:44 WARN  no build target for: /home/venierga/adventOfCode/day4/passport.scala
2020.12.10 00:43:57 WARN  no build target for: /home/venierga/adventOfCode/day4/passport.scala
2020.12.10 00:44:11 WARN  no build target for: /home/venierga/adventOfCode/day4/passport.scala
2020.12.10 00:46:20 WARN  no build target for: /home/venierga/adventOfCode/day4/passport.scala
2020.12.10 00:54:25 WARN  no build target for: /home/venierga/adventOfCode/day4/passport.scala
2020.12.10 00:55:28 WARN  no build target for: /home/venierga/adventOfCode/day4/passport.scala
2020.12.10 00:55:44 WARN  no build target for: /home/venierga/adventOfCode/day4/passport.scala
2020.12.10 00:57:52 WARN  no build target for: /home/venierga/adventOfCode/day4/passport.scala
2020.12.10 00:58:32 WARN  no build target for: /home/venierga/adventOfCode/day4/passport.scala
2020.12.10 01:02:25 WARN  no build target for: /home/venierga/adventOfCode/day4/passport.scala
2020.12.10 01:04:50 WARN  no build target for: /home/venierga/adventOfCode/day4/passport.scala
2020.12.10 01:04:53 WARN  no build target for: /home/venierga/adventOfCode/day4/passport.scala
Dec 10, 2020 1:21:30 AM scala.meta.internal.pc.CompilerAccess retryWithCleanCompiler
INFO: compiler crashed due to an error in the Scala compiler, retrying with new compiler instance.
Dec 10, 2020 1:21:30 AM scala.meta.internal.pc.CompilerAccess handleError
SEVERE: null
java.lang.NullPointerException
	at scala.reflect.internal.Definitions$DefinitionsClass.isByNameParamType(Definitions.scala:417)
	at scala.reflect.internal.TreeInfo.isStableIdent(TreeInfo.scala:138)
	at scala.reflect.internal.TreeInfo.isStableIdentifier(TreeInfo.scala:113)
	at scala.reflect.internal.TreeInfo.isPath(TreeInfo.scala:102)
	at scala.reflect.internal.TreeInfo.admitsTypeSelection(TreeInfo.scala:156)
	at scala.tools.nsc.interactive.Global.stabilizedType(Global.scala:959)
	at scala.tools.nsc.interactive.Global.typedTreeAt(Global.scala:807)
	at scala.meta.internal.pc.HoverProvider.typedHoverTreeAt(HoverProvider.scala:239)
	at scala.meta.internal.pc.HoverProvider.hover(HoverProvider.scala:26)

Dec 10, 2020 1:30:44 AM scala.meta.internal.pc.CompilerAccess retryWithCleanCompiler
INFO: compiler crashed due to an error in the Scala compiler, retrying with new compiler instance.
Dec 10, 2020 1:30:44 AM scala.meta.internal.pc.CompilerAccess handleError
SEVERE: null
java.lang.NullPointerException
	at scala.reflect.internal.Definitions$DefinitionsClass.isByNameParamType(Definitions.scala:417)
	at scala.reflect.internal.TreeInfo.isStableIdent(TreeInfo.scala:138)
	at scala.reflect.internal.TreeInfo.isStableIdentifier(TreeInfo.scala:113)
	at scala.reflect.internal.TreeInfo.isPath(TreeInfo.scala:102)
	at scala.reflect.internal.TreeInfo.admitsTypeSelection(TreeInfo.scala:156)
	at scala.tools.nsc.interactive.Global.stabilizedType(Global.scala:959)
	at scala.tools.nsc.interactive.Global.typedTreeAt(Global.scala:807)
	at scala.meta.internal.pc.HoverProvider.typedHoverTreeAt(HoverProvider.scala:239)
	at scala.meta.internal.pc.HoverProvider.hover(HoverProvider.scala:26)

2020.12.10 19:32:08 WARN  no build tool detected in workspace '/home/venierga/adventOfCode'. The most common cause for this problem is that the editor was opened in the wrong working directory, for example if you use sbt then the workspace directory should contain build.sbt. 
2020.12.10 20:06:30 WARN  no build target for: /home/venierga/adventOfCode/day4/passport.scala
2020.12.10 20:53:24 INFO  Started: Metals version 0.9.7 in workspace '/home/venierga/adventOfCode' for client vscode.
2020.12.10 20:53:26 INFO  time: initialize in 1.83s
2020.12.10 20:53:29 WARN  Build server is not auto-connectable.
2020.12.10 20:53:29 WARN  no build tool detected in workspace '/home/venierga/adventOfCode'. The most common cause for this problem is that the editor was opened in the wrong working directory, for example if you use sbt then the workspace directory should contain build.sbt. 
2020.12.10 20:53:29 WARN  no build target for: /home/venierga/adventOfCode/day4/passport.scala
2020.12.10 20:53:32 INFO  no build target: using presentation compiler with only scala-library
2020.12.11 00:26:00 WARN  no build target for: /home/venierga/adventOfCode/day4/passport.scala
2020.12.16 20:02:39 INFO  Started: Metals version 0.9.7 in workspace '/home/venierga/adventOfCode' for client vscode.
2020.12.16 20:02:40 INFO  time: initialize in 1.54s
2020.12.16 20:02:44 WARN  Build server is not auto-connectable.
2020.12.16 20:02:44 WARN  no build tool detected in workspace '/home/venierga/adventOfCode'. The most common cause for this problem is that the editor was opened in the wrong working directory, for example if you use sbt then the workspace directory should contain build.sbt. 
2020.12.16 20:02:44 WARN  no build target for: /home/venierga/adventOfCode/day4/passport.scala
2020.12.16 20:02:46 INFO  no build target: using presentation compiler with only scala-library
Dec 16, 2020 10:16:18 PM org.eclipse.lsp4j.jsonrpc.RemoteEndpoint handleCancellation
WARNING: Unmatched cancel notification for request id 5771
2020.12.16 22:22:57 WARN  no build target for: /home/venierga/adventOfCode/day4/passport.scala
Dec 16, 2020 10:23:24 PM org.eclipse.lsp4j.jsonrpc.services.GenericEndpoint notify
INFO: Unsupported notification method: $/setTraceNotification
2020.12.16 22:23:45 WARN  no build target for: /home/venierga/adventOfCode/day4/passport.scala
2020.12.16 22:29:12 WARN  no build target for: /home/venierga/adventOfCode/day4/passport.scala
2020.12.16 22:29:32 WARN  no build target for: /home/venierga/adventOfCode/day4/passport.scala
2020.12.16 22:37:38 WARN  no build target for: /home/venierga/adventOfCode/day4/passport.scala
2020.12.16 22:39:10 WARN  no build target for: /home/venierga/adventOfCode/day4/passport.scala
2020.12.16 22:39:11 WARN  no build target for: /home/venierga/adventOfCode/day4/passport.scala
Dec 16, 2020 10:40:06 PM scala.meta.internal.pc.CompilerAccess handleError
SEVERE: offset 1079, count -1, length 3418
java.lang.StringIndexOutOfBoundsException: offset 1079, count -1, length 3418
	at java.base/java.lang.String.checkBoundsOffCount(String.java:3304)
	at java.base/java.lang.String.rangeCheck(String.java:280)
	at java.base/java.lang.String.<init>(String.java:276)
	at scala.tools.nsc.interactive.Global.typeCompletions$1(Global.scala:1230)
	at scala.tools.nsc.interactive.Global.completionsAt(Global.scala:1253)
	at scala.meta.internal.pc.SignatureHelpProvider.$anonfun$treeSymbol$1(SignatureHelpProvider.scala:375)
	at scala.Option.map(Option.scala:230)
	at scala.meta.internal.pc.SignatureHelpProvider.treeSymbol(SignatureHelpProvider.scala:373)
	at scala.meta.internal.pc.SignatureHelpProvider$MethodCall$.unapply(SignatureHelpProvider.scala:198)
	at scala.meta.internal.pc.SignatureHelpProvider$MethodCallTraverser.visit(SignatureHelpProvider.scala:309)
	at scala.meta.internal.pc.SignatureHelpProvider$MethodCallTraverser.traverse(SignatureHelpProvider.scala:303)
	at scala.meta.internal.pc.SignatureHelpProvider$MethodCallTraverser.fromTree(SignatureHelpProvider.scala:272)
	at scala.meta.internal.pc.SignatureHelpProvider.signatureHelp(SignatureHelpProvider.scala:27)

2020.12.16 22:40:09 WARN  no build target for: /home/venierga/adventOfCode/day4/passport.scala
2020.12.16 22:45:07 WARN  no build target for: /home/venierga/adventOfCode/day4/passport.scala
2020.12.16 22:45:09 WARN  no build target for: /home/venierga/adventOfCode/day4/passport.scala
Dec 16, 2020 10:46:33 PM org.eclipse.lsp4j.jsonrpc.RemoteEndpoint handleCancellation
WARNING: Unmatched cancel notification for request id 8099
2020.12.16 22:46:54 WARN  no build target for: /home/venierga/adventOfCode/day4/passport.scala
2020.12.16 22:48:00 WARN  no build target for: /home/venierga/adventOfCode/day4/passport.scala
2020.12.16 22:50:37 WARN  no build target for: /home/venierga/adventOfCode/day4/passport.scala
2020.12.16 22:51:44 WARN  no build target for: /home/venierga/adventOfCode/day4/passport.scala
2020.12.16 22:53:19 WARN  no build target for: /home/venierga/adventOfCode/day4/passport.scala
2020.12.16 22:53:39 WARN  no build target for: /home/venierga/adventOfCode/day4/passport.scala
2020.12.16 23:08:40 WARN  no build target for: /home/venierga/adventOfCode/day4/passport.scala
2020.12.16 23:17:08 WARN  no build target for: /home/venierga/adventOfCode/day4/passport.scala
2020.12.16 23:23:05 WARN  no build target for: /home/venierga/adventOfCode/day4/passport.scala
2020.12.16 23:25:19 WARN  no build target for: /home/venierga/adventOfCode/day4/passport.scala
2020.12.16 23:25:40 WARN  no build target for: /home/venierga/adventOfCode/day4/passport.scala
Dec 16, 2020 11:33:02 PM scala.meta.internal.pc.CompilerAccess handleError
SEVERE: offset 1196, count -1, length 3788
java.lang.StringIndexOutOfBoundsException: offset 1196, count -1, length 3788
	at java.base/java.lang.String.checkBoundsOffCount(String.java:3304)
	at java.base/java.lang.String.rangeCheck(String.java:280)
	at java.base/java.lang.String.<init>(String.java:276)
	at scala.tools.nsc.interactive.Global.typeCompletions$1(Global.scala:1230)
	at scala.tools.nsc.interactive.Global.completionsAt(Global.scala:1253)
	at scala.meta.internal.pc.SignatureHelpProvider.$anonfun$treeSymbol$1(SignatureHelpProvider.scala:375)
	at scala.Option.map(Option.scala:230)
	at scala.meta.internal.pc.SignatureHelpProvider.treeSymbol(SignatureHelpProvider.scala:373)
	at scala.meta.internal.pc.SignatureHelpProvider$MethodCall$.unapply(SignatureHelpProvider.scala:198)
	at scala.meta.internal.pc.SignatureHelpProvider$MethodCallTraverser.visit(SignatureHelpProvider.scala:309)
	at scala.meta.internal.pc.SignatureHelpProvider$MethodCallTraverser.traverse(SignatureHelpProvider.scala:303)
	at scala.meta.internal.pc.SignatureHelpProvider$MethodCallTraverser.fromTree(SignatureHelpProvider.scala:272)
	at scala.meta.internal.pc.SignatureHelpProvider.signatureHelp(SignatureHelpProvider.scala:27)

Dec 16, 2020 11:33:50 PM scala.meta.internal.pc.CompilerAccess handleError
SEVERE: offset 1309, count -1, length 3834
java.lang.StringIndexOutOfBoundsException: offset 1309, count -1, length 3834
	at java.base/java.lang.String.checkBoundsOffCount(String.java:3304)
	at java.base/java.lang.String.rangeCheck(String.java:280)
	at java.base/java.lang.String.<init>(String.java:276)
	at scala.tools.nsc.interactive.Global.typeCompletions$1(Global.scala:1230)
	at scala.tools.nsc.interactive.Global.completionsAt(Global.scala:1253)
	at scala.meta.internal.pc.SignatureHelpProvider.$anonfun$treeSymbol$1(SignatureHelpProvider.scala:375)
	at scala.Option.map(Option.scala:230)
	at scala.meta.internal.pc.SignatureHelpProvider.treeSymbol(SignatureHelpProvider.scala:373)
	at scala.meta.internal.pc.SignatureHelpProvider$MethodCall$.unapply(SignatureHelpProvider.scala:198)
	at scala.meta.internal.pc.SignatureHelpProvider$MethodCallTraverser.visit(SignatureHelpProvider.scala:309)
	at scala.meta.internal.pc.SignatureHelpProvider$MethodCallTraverser.traverse(SignatureHelpProvider.scala:303)
	at scala.meta.internal.pc.SignatureHelpProvider$MethodCallTraverser.fromTree(SignatureHelpProvider.scala:272)
	at scala.meta.internal.pc.SignatureHelpProvider.signatureHelp(SignatureHelpProvider.scala:27)

Dec 16, 2020 11:34:17 PM scala.meta.internal.pc.CompilerAccess handleError
SEVERE: offset 1422, count -1, length 3880
java.lang.StringIndexOutOfBoundsException: offset 1422, count -1, length 3880
	at java.base/java.lang.String.checkBoundsOffCount(String.java:3304)
	at java.base/java.lang.String.rangeCheck(String.java:280)
	at java.base/java.lang.String.<init>(String.java:276)
	at scala.tools.nsc.interactive.Global.typeCompletions$1(Global.scala:1230)
	at scala.tools.nsc.interactive.Global.completionsAt(Global.scala:1253)
	at scala.meta.internal.pc.SignatureHelpProvider.$anonfun$treeSymbol$1(SignatureHelpProvider.scala:375)
	at scala.Option.map(Option.scala:230)
	at scala.meta.internal.pc.SignatureHelpProvider.treeSymbol(SignatureHelpProvider.scala:373)
	at scala.meta.internal.pc.SignatureHelpProvider$MethodCall$.unapply(SignatureHelpProvider.scala:198)
	at scala.meta.internal.pc.SignatureHelpProvider$MethodCallTraverser.visit(SignatureHelpProvider.scala:309)
	at scala.meta.internal.pc.SignatureHelpProvider$MethodCallTraverser.traverse(SignatureHelpProvider.scala:303)
	at scala.meta.internal.pc.SignatureHelpProvider$MethodCallTraverser.fromTree(SignatureHelpProvider.scala:272)
	at scala.meta.internal.pc.SignatureHelpProvider.signatureHelp(SignatureHelpProvider.scala:27)

Dec 16, 2020 11:34:36 PM scala.meta.internal.pc.CompilerAccess handleError
SEVERE: offset 1535, count -1, length 3931
java.lang.StringIndexOutOfBoundsException: offset 1535, count -1, length 3931
	at java.base/java.lang.String.checkBoundsOffCount(String.java:3304)
	at java.base/java.lang.String.rangeCheck(String.java:280)
	at java.base/java.lang.String.<init>(String.java:276)
	at scala.tools.nsc.interactive.Global.typeCompletions$1(Global.scala:1230)
	at scala.tools.nsc.interactive.Global.completionsAt(Global.scala:1253)
	at scala.meta.internal.pc.SignatureHelpProvider.$anonfun$treeSymbol$1(SignatureHelpProvider.scala:375)
	at scala.Option.map(Option.scala:230)
	at scala.meta.internal.pc.SignatureHelpProvider.treeSymbol(SignatureHelpProvider.scala:373)
	at scala.meta.internal.pc.SignatureHelpProvider$MethodCall$.unapply(SignatureHelpProvider.scala:198)
	at scala.meta.internal.pc.SignatureHelpProvider$MethodCallTraverser.visit(SignatureHelpProvider.scala:309)
	at scala.meta.internal.pc.SignatureHelpProvider$MethodCallTraverser.traverse(SignatureHelpProvider.scala:303)
	at scala.meta.internal.pc.SignatureHelpProvider$MethodCallTraverser.fromTree(SignatureHelpProvider.scala:272)
	at scala.meta.internal.pc.SignatureHelpProvider.signatureHelp(SignatureHelpProvider.scala:27)

Dec 16, 2020 11:34:42 PM scala.meta.internal.pc.CompilerAccess handleError
SEVERE: offset 1535, count -1, length 3926
java.lang.StringIndexOutOfBoundsException: offset 1535, count -1, length 3926
	at java.base/java.lang.String.checkBoundsOffCount(String.java:3304)
	at java.base/java.lang.String.rangeCheck(String.java:280)
	at java.base/java.lang.String.<init>(String.java:276)
	at scala.tools.nsc.interactive.Global.typeCompletions$1(Global.scala:1230)
	at scala.tools.nsc.interactive.Global.completionsAt(Global.scala:1253)
	at scala.meta.internal.pc.SignatureHelpProvider.$anonfun$treeSymbol$1(SignatureHelpProvider.scala:375)
	at scala.Option.map(Option.scala:230)
	at scala.meta.internal.pc.SignatureHelpProvider.treeSymbol(SignatureHelpProvider.scala:373)
	at scala.meta.internal.pc.SignatureHelpProvider$MethodCall$.unapply(SignatureHelpProvider.scala:198)
	at scala.meta.internal.pc.SignatureHelpProvider$MethodCallTraverser.visit(SignatureHelpProvider.scala:309)
	at scala.meta.internal.pc.SignatureHelpProvider$MethodCallTraverser.traverse(SignatureHelpProvider.scala:303)
	at scala.meta.internal.pc.SignatureHelpProvider$MethodCallTraverser.fromTree(SignatureHelpProvider.scala:272)
	at scala.meta.internal.pc.SignatureHelpProvider.signatureHelp(SignatureHelpProvider.scala:27)

Dec 16, 2020 11:35:13 PM scala.meta.internal.pc.CompilerAccess handleError
SEVERE: offset 1648, count -1, length 3972
java.lang.StringIndexOutOfBoundsException: offset 1648, count -1, length 3972
	at java.base/java.lang.String.checkBoundsOffCount(String.java:3304)
	at java.base/java.lang.String.rangeCheck(String.java:280)
	at java.base/java.lang.String.<init>(String.java:276)
	at scala.tools.nsc.interactive.Global.typeCompletions$1(Global.scala:1230)
	at scala.tools.nsc.interactive.Global.completionsAt(Global.scala:1253)
	at scala.meta.internal.pc.SignatureHelpProvider.$anonfun$treeSymbol$1(SignatureHelpProvider.scala:375)
	at scala.Option.map(Option.scala:230)
	at scala.meta.internal.pc.SignatureHelpProvider.treeSymbol(SignatureHelpProvider.scala:373)
	at scala.meta.internal.pc.SignatureHelpProvider$MethodCall$.unapply(SignatureHelpProvider.scala:198)
	at scala.meta.internal.pc.SignatureHelpProvider$MethodCallTraverser.visit(SignatureHelpProvider.scala:309)
	at scala.meta.internal.pc.SignatureHelpProvider$MethodCallTraverser.traverse(SignatureHelpProvider.scala:303)
	at scala.meta.internal.pc.SignatureHelpProvider$MethodCallTraverser.fromTree(SignatureHelpProvider.scala:272)
	at scala.meta.internal.pc.SignatureHelpProvider.signatureHelp(SignatureHelpProvider.scala:27)

Dec 16, 2020 11:35:41 PM scala.meta.internal.pc.CompilerAccess handleError
SEVERE: offset 1761, count -1, length 4018
java.lang.StringIndexOutOfBoundsException: offset 1761, count -1, length 4018
	at java.base/java.lang.String.checkBoundsOffCount(String.java:3304)
	at java.base/java.lang.String.rangeCheck(String.java:280)
	at java.base/java.lang.String.<init>(String.java:276)
	at scala.tools.nsc.interactive.Global.typeCompletions$1(Global.scala:1230)
	at scala.tools.nsc.interactive.Global.completionsAt(Global.scala:1253)
	at scala.meta.internal.pc.SignatureHelpProvider.$anonfun$treeSymbol$1(SignatureHelpProvider.scala:375)
	at scala.Option.map(Option.scala:230)
	at scala.meta.internal.pc.SignatureHelpProvider.treeSymbol(SignatureHelpProvider.scala:373)
	at scala.meta.internal.pc.SignatureHelpProvider$MethodCall$.unapply(SignatureHelpProvider.scala:198)
	at scala.meta.internal.pc.SignatureHelpProvider$MethodCallTraverser.visit(SignatureHelpProvider.scala:309)
	at scala.meta.internal.pc.SignatureHelpProvider$MethodCallTraverser.traverse(SignatureHelpProvider.scala:303)
	at scala.meta.internal.pc.SignatureHelpProvider$MethodCallTraverser.fromTree(SignatureHelpProvider.scala:272)
	at scala.meta.internal.pc.SignatureHelpProvider.signatureHelp(SignatureHelpProvider.scala:27)

Dec 16, 2020 11:35:45 PM org.eclipse.lsp4j.jsonrpc.RemoteEndpoint handleCancellation
WARNING: Unmatched cancel notification for request id 10492
2020.12.16 23:37:16 WARN  no build target for: /home/venierga/adventOfCode/day4/passport.scala
2020.12.16 23:39:40 WARN  no build target for: /home/venierga/adventOfCode/day4/passport.scala
2020.12.16 23:41:54 WARN  no build target for: /home/venierga/adventOfCode/day4/passport.scala
2020.12.16 23:42:47 WARN  no build target for: /home/venierga/adventOfCode/day4/passport.scala
2020.12.16 23:52:38 WARN  no build target for: /home/venierga/adventOfCode/day4/passport.scala
2020.12.16 23:56:40 WARN  no build target for: /home/venierga/adventOfCode/day4/passport.scala
2020.12.17 00:12:22 WARN  no build target for: /home/venierga/adventOfCode/day4/passport.scala
2020.12.17 00:33:46 WARN  no build target for: /home/venierga/adventOfCode/day4/passport.scala
2020.12.17 00:35:07 WARN  no build target for: /home/venierga/adventOfCode/day4/passport.scala
2020.12.17 00:36:03 WARN  no build target for: /home/venierga/adventOfCode/day4/passport.scala
2020.12.17 00:36:31 WARN  no build tool detected in workspace '/home/venierga/adventOfCode'. The most common cause for this problem is that the editor was opened in the wrong working directory, for example if you use sbt then the workspace directory should contain build.sbt. 
2020.12.17 00:36:32 WARN  no build target for: /home/venierga/adventOfCode/day4/passport.scala
2020.12.17 00:36:57 WARN  no build tool detected in workspace '/home/venierga/adventOfCode'. The most common cause for this problem is that the editor was opened in the wrong working directory, for example if you use sbt then the workspace directory should contain build.sbt. 
2020.12.17 00:37:05 WARN  no build target for: /home/venierga/adventOfCode/day4/passport.scala
2020.12.17 00:37:44 WARN  no build tool detected in workspace '/home/venierga/adventOfCode'. The most common cause for this problem is that the editor was opened in the wrong working directory, for example if you use sbt then the workspace directory should contain build.sbt. 
2020.12.17 00:41:10 WARN  no build target for: /home/venierga/adventOfCode/day4/passport.scala
2020.12.17 00:41:39 WARN  no build target for: /home/venierga/adventOfCode/day4/passport.scala
2020.12.17 00:57:51 WARN  no build target for: /home/venierga/adventOfCode/day4/passport.scala
2020.12.17 00:58:25 WARN  no build target for: /home/venierga/adventOfCode/day4/passport.scala
2020.12.17 00:58:53 WARN  no build target for: /home/venierga/adventOfCode/day4/passport.scala
2020.12.17 00:59:13 WARN  no build target for: /home/venierga/adventOfCode/day4/passport.scala
2020.12.17 00:59:40 WARN  no build target for: /home/venierga/adventOfCode/day4/passport.scala
2020.12.17 00:59:53 WARN  no build target for: /home/venierga/adventOfCode/day4/passport.scala
2020.12.17 01:00:46 WARN  no build target for: /home/venierga/adventOfCode/day4/passport.scala
2020.12.17 01:01:14 WARN  no build target for: /home/venierga/adventOfCode/day4/passport.scala
2020.12.17 01:01:35 WARN  no build target for: /home/venierga/adventOfCode/day4/passport.scala
2020.12.17 01:05:12 WARN  no build target for: /home/venierga/adventOfCode/day4/passport.scala
2020.12.17 01:05:29 WARN  no build target for: /home/venierga/adventOfCode/day4/passport.scala
2020.12.17 01:05:50 WARN  no build target for: /home/venierga/adventOfCode/day4/passport.scala
2020.12.17 01:07:29 WARN  no build target for: /home/venierga/adventOfCode/day4/passport.scala
2020.12.17 01:08:06 WARN  no build target for: /home/venierga/adventOfCode/day4/passport.scala
2020.12.17 01:10:13 WARN  no build target for: /home/venierga/adventOfCode/day4/passport.scala
2020.12.17 01:10:40 WARN  no build target for: /home/venierga/adventOfCode/day4/passport.scala
2020.12.17 01:10:46 WARN  no build tool detected in workspace '/home/venierga/adventOfCode'. The most common cause for this problem is that the editor was opened in the wrong working directory, for example if you use sbt then the workspace directory should contain build.sbt. 
2020.12.17 01:10:48 WARN  no build target for: /home/venierga/adventOfCode/day4/passport.scala
2020.12.17 20:25:46 INFO  Started: Metals version 0.9.7 in workspace '/home/venierga/adventOfCode' for client vscode.
2020.12.17 20:25:47 INFO  time: initialize in 1.35s
2020.12.17 20:25:51 WARN  Build server is not auto-connectable.
2020.12.17 20:25:51 WARN  no build tool detected in workspace '/home/venierga/adventOfCode'. The most common cause for this problem is that the editor was opened in the wrong working directory, for example if you use sbt then the workspace directory should contain build.sbt. 
2020.12.17 20:25:51 WARN  no build target for: /home/venierga/adventOfCode/day4/passport.scala
2020.12.17 20:25:53 INFO  no build target: using presentation compiler with only scala-library
2020.12.17 22:18:15 WARN  no build tool detected in workspace '/home/venierga/adventOfCode'. The most common cause for this problem is that the editor was opened in the wrong working directory, for example if you use sbt then the workspace directory should contain build.sbt. 
Dec 17, 2020 10:22:34 PM org.eclipse.lsp4j.jsonrpc.RemoteEndpoint handleCancellation
WARNING: Unmatched cancel notification for request id 240
something's wrong: no file:///home/venierga/adventOfCode/day4/passport.scala in Array[String]RangePosition(file:///home/venierga/adventOfCode/day4/passport.scala, 2649, 2649, 2662)
Dec 17, 2020 10:24:23 PM org.eclipse.lsp4j.jsonrpc.RemoteEndpoint handleCancellation
WARNING: Unmatched cancel notification for request id 345
2020.12.17 22:29:21 WARN  no build target for: /home/venierga/adventOfCode/day4/passport.scala
2020.12.17 22:35:43 WARN  no build target for: /home/venierga/adventOfCode/day4/passport.scala
2020.12.17 22:36:02 WARN  no build target for: /home/venierga/adventOfCode/day4/passport.scala
2020.12.17 22:36:31 WARN  no build tool detected in workspace '/home/venierga/adventOfCode'. The most common cause for this problem is that the editor was opened in the wrong working directory, for example if you use sbt then the workspace directory should contain build.sbt. 
2020.12.17 22:36:34 WARN  no build target for: /home/venierga/adventOfCode/day4/passport.scala
2020.12.17 22:36:56 WARN  no build target for: /home/venierga/adventOfCode/day4/passport.scala
Dec 17, 2020 10:38:14 PM scala.meta.internal.pc.CompletionProvider expected$1
WARNING: offset 1202, count -1, length 4548
Dec 17, 2020 10:38:49 PM org.eclipse.lsp4j.jsonrpc.RemoteEndpoint handleCancellation
WARNING: Unmatched cancel notification for request id 1182
Dec 17, 2020 10:42:12 PM org.eclipse.lsp4j.jsonrpc.RemoteEndpoint handleCancellation
WARNING: Unmatched cancel notification for request id 1394
2020.12.17 22:44:02 WARN  no build tool detected in workspace '/home/venierga/adventOfCode'. The most common cause for this problem is that the editor was opened in the wrong working directory, for example if you use sbt then the workspace directory should contain build.sbt. 
2020.12.17 22:45:42 WARN  no build target for: /home/venierga/adventOfCode/day4/passport.scala
2020.12.17 22:46:00 WARN  no build tool detected in workspace '/home/venierga/adventOfCode'. The most common cause for this problem is that the editor was opened in the wrong working directory, for example if you use sbt then the workspace directory should contain build.sbt. 
2020.12.17 22:46:01 WARN  no build tool detected in workspace '/home/venierga/adventOfCode'. The most common cause for this problem is that the editor was opened in the wrong working directory, for example if you use sbt then the workspace directory should contain build.sbt. 
2020.12.17 22:46:01 WARN  no build target for: /home/venierga/adventOfCode/day4/passport.scala
2020.12.17 22:46:25 WARN  no build target for: /home/venierga/adventOfCode/day4/passport.scala
2020.12.17 22:46:53 WARN  no build target for: /home/venierga/adventOfCode/day4/passport.scala
2020.12.17 22:47:12 WARN  no build target for: /home/venierga/adventOfCode/day4/passport.scala
2020.12.17 22:47:22 WARN  no build tool detected in workspace '/home/venierga/adventOfCode'. The most common cause for this problem is that the editor was opened in the wrong working directory, for example if you use sbt then the workspace directory should contain build.sbt. 
2020.12.17 22:47:24 WARN  no build tool detected in workspace '/home/venierga/adventOfCode'. The most common cause for this problem is that the editor was opened in the wrong working directory, for example if you use sbt then the workspace directory should contain build.sbt. 
2020.12.17 22:47:24 WARN  no build target for: /home/venierga/adventOfCode/day4/passport.scala
2020.12.17 22:47:45 WARN  no build tool detected in workspace '/home/venierga/adventOfCode'. The most common cause for this problem is that the editor was opened in the wrong working directory, for example if you use sbt then the workspace directory should contain build.sbt. 
2020.12.17 22:47:45 WARN  no build target for: /home/venierga/adventOfCode/day4/passport.scala
2020.12.17 22:50:20 WARN  no build tool detected in workspace '/home/venierga/adventOfCode'. The most common cause for this problem is that the editor was opened in the wrong working directory, for example if you use sbt then the workspace directory should contain build.sbt. 
2020.12.17 22:51:21 WARN  no build target for: /home/venierga/adventOfCode/day4/passport.scala
2020.12.17 22:51:33 WARN  no build tool detected in workspace '/home/venierga/adventOfCode'. The most common cause for this problem is that the editor was opened in the wrong working directory, for example if you use sbt then the workspace directory should contain build.sbt. 
2020.12.17 22:52:15 WARN  no build target for: /home/venierga/adventOfCode/day4/passport.scala
2020.12.17 22:54:45 WARN  no build tool detected in workspace '/home/venierga/adventOfCode'. The most common cause for this problem is that the editor was opened in the wrong working directory, for example if you use sbt then the workspace directory should contain build.sbt. 
2020.12.17 22:54:45 WARN  no build target for: /home/venierga/adventOfCode/day4/passport.scala
2020.12.17 22:54:58 WARN  no build target for: /home/venierga/adventOfCode/day4/passport.scala
2020.12.17 22:55:28 WARN  no build target for: /home/venierga/adventOfCode/day4/passport.scala
2020.12.17 22:56:22 WARN  no build target for: /home/venierga/adventOfCode/day4/passport.scala
2020.12.17 22:56:56 WARN  no build target for: /home/venierga/adventOfCode/day4/passport.scala
2020.12.17 22:58:18 WARN  no build target for: /home/venierga/adventOfCode/day4/passport.scala
Dec 17, 2020 11:00:08 PM scala.meta.internal.pc.CompletionProvider expected$1
WARNING: offset 1041, count -1, length 4396
2020.12.17 23:00:16 WARN  no build target for: /home/venierga/adventOfCode/day4/passport.scala
2020.12.17 23:12:30 WARN  no build target for: /home/venierga/adventOfCode/day4/passport.scala
Dec 17, 2020 11:14:02 PM org.eclipse.lsp4j.jsonrpc.RemoteEndpoint handleCancellation
WARNING: Unmatched cancel notification for request id 2681
Dec 17, 2020 11:14:12 PM org.eclipse.lsp4j.jsonrpc.RemoteEndpoint handleCancellation
WARNING: Unmatched cancel notification for request id 2740
Dec 17, 2020 11:14:12 PM org.eclipse.lsp4j.jsonrpc.RemoteEndpoint handleCancellation
WARNING: Unmatched cancel notification for request id 2745
2020.12.17 23:14:16 WARN  no build target for: /home/venierga/adventOfCode/day4/passport.scala
2020.12.17 23:25:48 WARN  no build target for: /home/venierga/adventOfCode/day4/passport.scala
2020.12.17 23:25:50 WARN  no build tool detected in workspace '/home/venierga/adventOfCode'. The most common cause for this problem is that the editor was opened in the wrong working directory, for example if you use sbt then the workspace directory should contain build.sbt. 
2020.12.17 23:25:52 WARN  no build target for: /home/venierga/adventOfCode/day4/passport.scala
Dec 17, 2020 11:26:22 PM scala.meta.internal.pc.CompletionProvider expected$1
WARNING: offset 3344, count -1, length 4463
2020.12.17 23:26:40 WARN  no build target for: /home/venierga/adventOfCode/day4/passport.scala
2020.12.17 23:26:52 WARN  no build target for: /home/venierga/adventOfCode/day4/passport.scala
2020.12.17 23:26:58 WARN  no build target for: /home/venierga/adventOfCode/day4/passport.scala
2020.12.17 23:33:00 WARN  no build target for: /home/venierga/adventOfCode/day4/passport.scala
2020.12.17 23:33:04 WARN  no build target for: /home/venierga/adventOfCode/day4/passport.scala
Dec 17, 2020 11:33:05 PM scala.meta.internal.pc.CompletionProvider expected$1
WARNING: offset 1052, count -1, length 4178
2020.12.17 23:33:08 WARN  no build target for: /home/venierga/adventOfCode/day4/passport.scala
2020.12.17 23:45:57 WARN  no build tool detected in workspace '/home/venierga/adventOfCode'. The most common cause for this problem is that the editor was opened in the wrong working directory, for example if you use sbt then the workspace directory should contain build.sbt. 
2020.12.17 23:47:45 WARN  no build target for: /home/venierga/adventOfCode/day4/passport.scala
2020.12.17 23:47:57 WARN  no build target for: /home/venierga/adventOfCode/day4/passport.scala
Dec 17, 2020 11:48:19 PM scala.meta.internal.pc.CompletionProvider expected$1
WARNING: offset 1702, count -1, length 3943
2020.12.17 23:48:23 WARN  no build target for: /home/venierga/adventOfCode/day4/passport.scala
2020.12.17 23:48:35 WARN  no build target for: /home/venierga/adventOfCode/day4/passport.scala
2020.12.17 23:49:04 WARN  no build target for: /home/venierga/adventOfCode/day4/passport.scala
2020.12.17 23:51:28 WARN  no build tool detected in workspace '/home/venierga/adventOfCode'. The most common cause for this problem is that the editor was opened in the wrong working directory, for example if you use sbt then the workspace directory should contain build.sbt. 
2020.12.17 23:54:46 WARN  no build target for: /home/venierga/adventOfCode/day4/passport.scala
Dec 17, 2020 11:55:05 PM org.eclipse.lsp4j.jsonrpc.RemoteEndpoint handleCancellation
WARNING: Unmatched cancel notification for request id 4460
Dec 17, 2020 11:55:05 PM org.eclipse.lsp4j.jsonrpc.RemoteEndpoint handleCancellation
WARNING: Unmatched cancel notification for request id 4466
2020.12.17 23:55:21 WARN  no build target for: /home/venierga/adventOfCode/day4/passport.scala
2020.12.17 23:56:27 WARN  no build target for: /home/venierga/adventOfCode/day4/passport.scala
2020.12.17 23:58:20 WARN  no build target for: /home/venierga/adventOfCode/day4/passport.scala
2020.12.17 23:58:57 WARN  no build target for: /home/venierga/adventOfCode/day4/passport.scala
